0 info it worked if it ends with ok
1 verbose cli [ 'node',
1 verbose cli   '/usr/local/bin/npm',
1 verbose cli   'install',
1 verbose cli   '--save',
1 verbose cli   'jquery.dcjqaccordion@2.7' ]
2 info using npm@2.12.1
3 info using node@v0.12.7
4 verbose node symlink /usr/local/bin/node
5 verbose install initial load of /Applications/XAMPP/xamppfiles/htdocs/master-tool/public/react-app/package.json
6 warn package.json public@1.0.0 No description
7 warn package.json public@1.0.0 No repository field.
8 warn package.json public@1.0.0 No README data
9 verbose installManyTop reading scoped package data from /Applications/XAMPP/xamppfiles/htdocs/master-tool/public/react-app/node_modules/axios/package.json
10 verbose installManyTop reading scoped package data from /Applications/XAMPP/xamppfiles/htdocs/master-tool/public/react-app/node_modules/babel-core/package.json
11 verbose installManyTop reading scoped package data from /Applications/XAMPP/xamppfiles/htdocs/master-tool/public/react-app/node_modules/babel-loader/package.json
12 verbose installManyTop reading scoped package data from /Applications/XAMPP/xamppfiles/htdocs/master-tool/public/react-app/node_modules/babel-preset-es2015/package.json
13 verbose installManyTop reading scoped package data from /Applications/XAMPP/xamppfiles/htdocs/master-tool/public/react-app/node_modules/babel-preset-react/package.json
14 verbose installManyTop reading scoped package data from /Applications/XAMPP/xamppfiles/htdocs/master-tool/public/react-app/node_modules/bootstrap/package.json
15 verbose installManyTop reading scoped package data from /Applications/XAMPP/xamppfiles/htdocs/master-tool/public/react-app/node_modules/firebase/package.json
16 verbose installManyTop reading scoped package data from /Applications/XAMPP/xamppfiles/htdocs/master-tool/public/react-app/node_modules/history/package.json
17 verbose installManyTop reading scoped package data from /Applications/XAMPP/xamppfiles/htdocs/master-tool/public/react-app/node_modules/jQuery/package.json
18 verbose installManyTop reading scoped package data from /Applications/XAMPP/xamppfiles/htdocs/master-tool/public/react-app/node_modules/jquery.backstretch/package.json
19 verbose installManyTop reading scoped package data from /Applications/XAMPP/xamppfiles/htdocs/master-tool/public/react-app/node_modules/query-string/package.json
20 verbose installManyTop reading scoped package data from /Applications/XAMPP/xamppfiles/htdocs/master-tool/public/react-app/node_modules/react/package.json
21 verbose installManyTop reading scoped package data from /Applications/XAMPP/xamppfiles/htdocs/master-tool/public/react-app/node_modules/react-dom/package.json
22 verbose installManyTop reading scoped package data from /Applications/XAMPP/xamppfiles/htdocs/master-tool/public/react-app/node_modules/react-redux/package.json
23 verbose installManyTop reading scoped package data from /Applications/XAMPP/xamppfiles/htdocs/master-tool/public/react-app/node_modules/react-router/package.json
24 verbose installManyTop reading scoped package data from /Applications/XAMPP/xamppfiles/htdocs/master-tool/public/react-app/node_modules/reactfire/package.json
25 verbose installManyTop reading scoped package data from /Applications/XAMPP/xamppfiles/htdocs/master-tool/public/react-app/node_modules/redux/package.json
26 verbose installManyTop reading scoped package data from /Applications/XAMPP/xamppfiles/htdocs/master-tool/public/react-app/node_modules/redux-simple-router/package.json
27 verbose installManyTop reading scoped package data from /Applications/XAMPP/xamppfiles/htdocs/master-tool/public/react-app/node_modules/webpack/package.json
28 info package.json axios@0.11.0 No README data
29 info package.json firebase@2.4.2 No license field.
30 info package.json jquery.backstretch@2.1.13 No license field.
31 verbose readDependencies loading dependencies from /Applications/XAMPP/xamppfiles/htdocs/master-tool/public/react-app/package.json
32 silly cache add args [ 'jquery.dcjqaccordion@2.7', null ]
33 verbose cache add spec jquery.dcjqaccordion@2.7
34 silly cache add parsed spec { raw: 'jquery.dcjqaccordion@2.7',
34 silly cache add   scope: null,
34 silly cache add   name: 'jquery.dcjqaccordion',
34 silly cache add   rawSpec: '2.7',
34 silly cache add   spec: '>=2.7.0 <2.8.0',
34 silly cache add   type: 'range' }
35 silly addNamed jquery.dcjqaccordion@>=2.7.0 <2.8.0
36 verbose addNamed ">=2.7.0 <2.8.0" is a valid semver range for jquery.dcjqaccordion
37 silly addNameRange { name: 'jquery.dcjqaccordion',
37 silly addNameRange   range: '>=2.7.0 <2.8.0',
37 silly addNameRange   hasData: false }
38 silly mapToRegistry name jquery.dcjqaccordion
39 silly mapToRegistry using default registry
40 silly mapToRegistry registry https://registry.npmjs.org/
41 silly mapToRegistry uri https://registry.npmjs.org/jquery.dcjqaccordion
42 verbose addNameRange registry:https://registry.npmjs.org/jquery.dcjqaccordion not in flight; fetching
43 verbose request uri https://registry.npmjs.org/jquery.dcjqaccordion
44 verbose request no auth needed
45 info attempt registry request try #1 at 18:06:09
46 verbose request id 65b00d1ec9c75c7a
47 http request GET https://registry.npmjs.org/jquery.dcjqaccordion
48 http 404 https://registry.npmjs.org/jquery.dcjqaccordion
49 verbose headers { 'content-type': 'application/json',
49 verbose headers   'cache-control': 'max-age=0',
49 verbose headers   'content-length': '2',
49 verbose headers   'accept-ranges': 'bytes',
49 verbose headers   date: 'Mon, 16 May 2016 16:06:10 GMT',
49 verbose headers   via: '1.1 varnish',
49 verbose headers   age: '0',
49 verbose headers   connection: 'keep-alive',
49 verbose headers   'x-served-by': 'cache-fra1246-FRA',
49 verbose headers   'x-cache': 'MISS',
49 verbose headers   'x-cache-hits': '0',
49 verbose headers   'x-timer': 'S1463414769.403763,VS0,VE935',
49 verbose headers   vary: 'Accept-Encoding' }
50 silly get cb [ 404,
50 silly get   { 'content-type': 'application/json',
50 silly get     'cache-control': 'max-age=0',
50 silly get     'content-length': '2',
50 silly get     'accept-ranges': 'bytes',
50 silly get     date: 'Mon, 16 May 2016 16:06:10 GMT',
50 silly get     via: '1.1 varnish',
50 silly get     age: '0',
50 silly get     connection: 'keep-alive',
50 silly get     'x-served-by': 'cache-fra1246-FRA',
50 silly get     'x-cache': 'MISS',
50 silly get     'x-cache-hits': '0',
50 silly get     'x-timer': 'S1463414769.403763,VS0,VE935',
50 silly get     vary: 'Accept-Encoding' } ]
51 verbose stack Error: Registry returned 404 for GET on https://registry.npmjs.org/jquery.dcjqaccordion
51 verbose stack     at CachingRegistryClient.<anonymous> (/usr/local/lib/node_modules/npm/node_modules/npm-registry-client/lib/request.js:239:14)
51 verbose stack     at Request._callback (/usr/local/lib/node_modules/npm/node_modules/npm-registry-client/lib/request.js:170:14)
51 verbose stack     at Request.self.callback (/usr/local/lib/node_modules/npm/node_modules/request/request.js:197:22)
51 verbose stack     at Request.emit (events.js:110:17)
51 verbose stack     at Request.<anonymous> (/usr/local/lib/node_modules/npm/node_modules/request/request.js:1050:14)
51 verbose stack     at Request.emit (events.js:129:20)
51 verbose stack     at IncomingMessage.<anonymous> (/usr/local/lib/node_modules/npm/node_modules/request/request.js:996:12)
51 verbose stack     at IncomingMessage.emit (events.js:129:20)
51 verbose stack     at _stream_readable.js:908:16
51 verbose stack     at process._tickCallback (node.js:355:11)
52 verbose statusCode 404
53 verbose pkgid jquery.dcjqaccordion
54 verbose cwd /Applications/XAMPP/xamppfiles/htdocs/master-tool/public/react-app
55 error Darwin 15.4.0
56 error argv "node" "/usr/local/bin/npm" "install" "--save" "jquery.dcjqaccordion@2.7"
57 error node v0.12.7
58 error npm  v2.12.1
59 error code E404
60 error 404 Registry returned 404 for GET on https://registry.npmjs.org/jquery.dcjqaccordion
60 error 404
60 error 404 'jquery.dcjqaccordion' is not in the npm registry.
60 error 404 You should bug the author to publish it (or use the name yourself!)
60 error 404 It was specified as a dependency of 'public'
60 error 404
60 error 404 Note that you can also install from a
60 error 404 tarball, folder, http url, or git url.
61 verbose exit [ 1, true ]
